"../../../Engine/Content/EditorMaterials/PreviewShadowIndicator.ubulk" 0
"../../../Engine/Content/EditorMaterials/PreviewShadowIndicator.uasset" 1
"../../../Engine/Content/EditorMaterials/PreviewShadowIndicator.uexp" 2
"../../../Engine/Content/EditorMaterials/PreviewShadowIndicatorMaterial.uasset" 3
"../../../Engine/Content/EditorMaterials/PreviewShadowIndicatorMaterial.uexp" 4
"../../../Engine/Content/EditorMaterials/MAT_Groups_Visibility.uasset" 5
"../../../Engine/Content/EditorMaterials/MAT_Groups_Visibility.uexp" 6
"../../../Engine/Content/EditorMaterials/MAT_Groups_Toggle.uasset" 7
"../../../Engine/Content/EditorMaterials/MAT_Groups_Toggle.uexp" 8
"../../../Engine/Content/Functions/Engine_MaterialFunctions02/Utility/MakeFloat4.uasset" 9
"../../../Engine/Content/Functions/Engine_MaterialFunctions02/Utility/MakeFloat4.uexp" 10
"../../../Engine/Content/Functions/Engine_MaterialFunctions02/Utility/MakeFloat3.uasset" 11
"../../../Engine/Content/Functions/Engine_MaterialFunctions02/Utility/MakeFloat3.uexp" 12
"../../../Engine/Content/Functions/Engine_MaterialFunctions02/Utility/BreakOutFloat3Components.uasset" 13
"../../../Engine/Content/Functions/Engine_MaterialFunctions02/Utility/BreakOutFloat3Components.uexp" 14
"../../../Engine/Content/EditorMaterials/WorldPartition/WorldPartitionSpatialHashGridPreviewMaterial.uasset" 15
"../../../Engine/Content/EditorMaterials/WorldPartition/WorldPartitionSpatialHashGridPreviewMaterial.uexp" 16
"../../../Engine/Content/EditorMaterials/ParticleSystems/PSysThumbnail_OOD.ubulk" 17
"../../../Engine/Content/EditorMaterials/ParticleSystems/PSysThumbnail_OOD.uasset" 18
"../../../Engine/Content/EditorMaterials/ParticleSystems/PSysThumbnail_OOD.uexp" 19
"../../../Engine/Content/EditorMaterials/ParticleSystems/PSysThumbnail_NoImage.ubulk" 20
"../../../Engine/Content/EditorMaterials/ParticleSystems/PSysThumbnail_NoImage.uasset" 21
"../../../Engine/Content/EditorMaterials/ParticleSystems/PSysThumbnail_NoImage.uexp" 22
"../../../Engine/Content/EditorMaterials/MatineeGroups/MAT_Groups_Vector.uasset" 23
"../../../Engine/Content/EditorMaterials/MatineeGroups/MAT_Groups_Vector.uexp" 24
"../../../Engine/Content/EditorMaterials/Camera/CineMat.uasset" 25
"../../../Engine/Content/EditorMaterials/Camera/CineMat.uexp" 26
"../../../Engine/Content/EditorMaterials/Camera/MI_CineMat_Rig.uasset" 27
"../../../Engine/Content/EditorMaterials/Camera/MI_CineMat_Rig.uexp" 28
"../../../Engine/Content/EditorMeshes/Camera/SM_RailRig_Track.ubulk" 29
"../../../Engine/Content/EditorMeshes/Camera/SM_RailRig_Track.uasset" 30
"../../../Engine/Content/EditorMeshes/Camera/SM_RailRig_Track.uexp" 31
"../../../Engine/Content/EditorMeshes/Camera/SM_RailRig_Mount.ubulk" 32
"../../../Engine/Content/EditorMeshes/Camera/SM_RailRig_Mount.uasset" 33
"../../../Engine/Content/EditorMeshes/Camera/SM_RailRig_Mount.uexp" 34
"../../../Engine/Content/EditorMeshes/Camera/SM_CraneRig_Mount.ubulk" 35
"../../../Engine/Content/EditorMeshes/Camera/SM_CraneRig_Mount.uasset" 36
"../../../Engine/Content/EditorMeshes/Camera/SM_CraneRig_Mount.uexp" 37
"../../../Engine/Content/EditorMeshes/Camera/SM_CraneRig_Body.ubulk" 38
"../../../Engine/Content/EditorMeshes/Camera/SM_CraneRig_Body.uasset" 39
"../../../Engine/Content/EditorMeshes/Camera/SM_CraneRig_Body.uexp" 40
"../../../Engine/Content/EditorMeshes/Camera/SM_CraneRig_Base.ubulk" 41
"../../../Engine/Content/EditorMeshes/Camera/SM_CraneRig_Base.uasset" 42
"../../../Engine/Content/EditorMeshes/Camera/SM_CraneRig_Base.uexp" 43
"../../../Engine/Content/EditorMeshes/Camera/SM_CraneRig_Arm.ubulk" 44
"../../../Engine/Content/EditorMeshes/Camera/SM_CraneRig_Arm.uasset" 45
"../../../Engine/Content/EditorMeshes/Camera/SM_CraneRig_Arm.uexp" 46
"../../../Engine/Content/EditorMaterials/MatineeGroups/MAT_Groups_Sound.uasset" 47
"../../../Engine/Content/EditorMaterials/MatineeGroups/MAT_Groups_Sound.uexp" 48
"../../../Engine/Content/EditorMaterials/MatineeGroups/MAT_Groups_Slomo.uasset" 49
"../../../Engine/Content/EditorMaterials/MatineeGroups/MAT_Groups_Slomo.uexp" 50
"../../../Engine/Content/EditorMaterials/MatineeGroups/MAT_Groups_Move.uasset" 51
"../../../Engine/Content/EditorMaterials/MatineeGroups/MAT_Groups_Move.uexp" 52
"../../../Engine/Content/EditorMaterials/MatineeGroups/MAT_Groups_Float.uasset" 53
"../../../Engine/Content/EditorMaterials/MatineeGroups/MAT_Groups_Float.uexp" 54
"../../../Engine/Content/EditorMaterials/MatineeGroups/MAT_Groups_Fade.uasset" 55
"../../../Engine/Content/EditorMaterials/MatineeGroups/MAT_Groups_Fade.uexp" 56
"../../../Engine/Content/EditorMaterials/MatineeGroups/MAT_Groups_Event.uasset" 57
"../../../Engine/Content/EditorMaterials/MatineeGroups/MAT_Groups_Event.uexp" 58
"../../../Engine/Content/EditorMaterials/MatineeGroups/MAT_Groups_Director.uasset" 59
"../../../Engine/Content/EditorMaterials/MatineeGroups/MAT_Groups_Director.uexp" 60
"../../../Engine/Content/EditorMaterials/MatineeGroups/MAT_Groups_AudioMaster.uasset" 61
"../../../Engine/Content/EditorMaterials/MatineeGroups/MAT_Groups_AudioMaster.uexp" 62
"../../../Engine/Content/EditorMaterials/MatineeGroups/MAT_Groups_Anim.uasset" 63
"../../../Engine/Content/EditorMaterials/MatineeGroups/MAT_Groups_Anim.uexp" 64
"../../../Engine/Content/EditorMaterials/MatineeGroups/MAT_ColorTrack.uasset" 65
"../../../Engine/Content/EditorMaterials/MatineeGroups/MAT_ColorTrack.uexp" 66
"../../../Engine/Content/EditorLandscapeResources/DefaultAlphaTexture.uasset" 67
"../../../Engine/Content/EditorLandscapeResources/DefaultAlphaTexture.uexp" 68
"../../../Engine/Content/EditorLandscapeResources/DataLayer.uasset" 69
"../../../Engine/Content/EditorLandscapeResources/DataLayer.uexp" 70
"../../../Engine/Content/EngineMaterials/T_Default_Material_Grid_M.ubulk" 71
"../../../Engine/Content/EngineMaterials/T_Default_Material_Grid_M.uasset" 72
"../../../Engine/Content/EngineMaterials/T_Default_Material_Grid_M.uexp" 73
"../../../Engine/Content/EngineMaterials/T_Default_Material_Grid_N.ubulk" 74
"../../../Engine/Content/EngineMaterials/T_Default_Material_Grid_N.uasset" 75
"../../../Engine/Content/EngineMaterials/T_Default_Material_Grid_N.uexp" 76
"../../../Engine/Content/Functions/Engine_MaterialFunctions01/Opacity/CameraDepthFade.uasset" 77
"../../../Engine/Content/Functions/Engine_MaterialFunctions01/Opacity/CameraDepthFade.uexp" 78
"../../../Engine/Content/EngineMaterials/DefaultMaterial.uasset" 79
"../../../Engine/Content/EngineMaterials/DefaultMaterial.uexp" 80
"../../../Engine/Content/BasicShapes/Sphere.ubulk" 81
"../../../Engine/Content/BasicShapes/Sphere.uasset" 82
"../../../Engine/Content/BasicShapes/Sphere.uexp" 83
"../../../Engine/Content/EngineMaterials/WorldGridMaterial.uasset" 84
"../../../Engine/Content/EngineMaterials/WorldGridMaterial.uexp" 85
"../../../Engine/Content/BasicShapes/Plane.ubulk" 86
"../../../Engine/Content/BasicShapes/Plane.uasset" 87
"../../../Engine/Content/BasicShapes/Plane.uexp" 88
"../../../Engine/Content/BasicShapes/Cylinder.ubulk" 89
"../../../Engine/Content/BasicShapes/Cylinder.uasset" 90
"../../../Engine/Content/BasicShapes/Cylinder.uexp" 91
"../../../Engine/Content/BasicShapes/Cube.ubulk" 92
"../../../Engine/Content/BasicShapes/Cube.uasset" 93
"../../../Engine/Content/BasicShapes/Cube.uexp" 94
"../../../Engine/Content/BasicShapes/Cone.ubulk" 95
"../../../Engine/Content/BasicShapes/Cone.uasset" 96
"../../../Engine/Content/BasicShapes/Cone.uexp" 97
"../../../Engine/Content/ArtTools/RenderToTexture/Meshes/S_1_Unit_Plane.ubulk" 98
"../../../Engine/Content/ArtTools/RenderToTexture/Meshes/S_1_Unit_Plane.uasset" 99
"../../../Engine/Content/ArtTools/RenderToTexture/Meshes/S_1_Unit_Plane.uexp" 100
"../../../Engine/Content/EditorResources/S_TriggerSphere.uasset" 101
"../../../Engine/Content/EditorResources/S_TriggerSphere.uexp" 102
"../../../Engine/Content/EditorResources/S_TriggerCapsule.uasset" 103
"../../../Engine/Content/EditorResources/S_TriggerCapsule.uexp" 104
"../../../Engine/Content/EditorResources/S_TriggerBox.uasset" 105
"../../../Engine/Content/EditorResources/S_TriggerBox.uexp" 106
"../../../Engine/Content/EditorResources/S_Trigger.ubulk" 107
"../../../Engine/Content/EditorResources/S_Trigger.uasset" 108
"../../../Engine/Content/EditorResources/S_Trigger.uexp" 109
"../../../Engine/Content/EditorResources/S_Terrain.ubulk" 110
"../../../Engine/Content/EditorResources/S_Terrain.uasset" 111
"../../../Engine/Content/EditorResources/S_Terrain.uexp" 112
"../../../Engine/Content/EditorResources/S_Solver.ubulk" 113
"../../../Engine/Content/EditorResources/S_Solver.uasset" 114
"../../../Engine/Content/EditorResources/S_Solver.uexp" 115
"../../../Engine/Content/EditorResources/S_BoxReflectionCapture.uasset" 116
"../../../Engine/Content/EditorResources/S_BoxReflectionCapture.uexp" 117
"../../../Engine/Content/EditorResources/S_Actor.ubulk" 118
"../../../Engine/Content/EditorResources/S_Actor.uasset" 119
"../../../Engine/Content/EditorResources/S_Actor.uexp" 120
"../../../Engine/Content/EditorResources/EmptyActor.uasset" 121
"../../../Engine/Content/EditorResources/EmptyActor.uexp" 122
"../../../Engine/Content/EditorResources/BSPVertex.uasset" 123
"../../../Engine/Content/EditorResources/BSPVertex.uexp" 124
"../../../Engine/Content/EditorResources/LightIcons/S_LightError.uasset" 125
"../../../Engine/Content/EditorResources/LightIcons/S_LightError.uexp" 126
"../../../Engine/Content/EditorResources/SequenceRecorder/RecordingIndicator.uasset" 127
"../../../Engine/Content/EditorResources/SequenceRecorder/RecordingIndicator.uexp" 128
"../../../Engine/Content/EditorResources/SequenceRecorder/Countdown.uasset" 129
"../../../Engine/Content/EditorResources/SequenceRecorder/Countdown.uexp" 130
"../../../Engine/Content/EngineDamageTypes/DmgTypeBP_Environmental.uasset" 131
"../../../Engine/Content/EngineDamageTypes/DmgTypeBP_Environmental.uexp" 132
"../../../Engine/Content/Functions/Engine_MaterialFunctions02/Utility/CameraDirectionVector.uasset" 133
"../../../Engine/Content/Functions/Engine_MaterialFunctions02/Utility/CameraDirectionVector.uexp" 134
"../../../Engine/Content/EngineDebugMaterials/VolumeToRender.uasset" 135
"../../../Engine/Content/EngineDebugMaterials/VolumeToRender.uexp" 136
"../../../Engine/Content/EngineDebugMaterials/M_VolumeRenderSphereTracePP.uasset" 137
"../../../Engine/Content/EngineDebugMaterials/M_VolumeRenderSphereTracePP.uexp" 138
"../../../Engine/Content/EngineDebugMaterials/M_SimpleUnlitTranslucent.uasset" 139
"../../../Engine/Content/EngineDebugMaterials/M_SimpleUnlitTranslucent.uexp" 140
"../../../Engine/Content/EngineDebugMaterials/DebugMeshMaterial.uasset" 141
"../../../Engine/Content/EngineDebugMaterials/DebugMeshMaterial.uexp" 142
"../../../Engine/Content/EngineDebugMaterials/DebugEditorMaterial.uasset" 143
"../../../Engine/Content/EngineDebugMaterials/DebugEditorMaterial.uexp" 144
"../../../Engine/Content/EngineFonts/Faces/RobotoLight.uexp" 145
"../../../Engine/Content/EngineFonts/Faces/RobotoLight.uasset" 146
"../../../Engine/Content/EngineFonts/Faces/RobotoLight.ufont" 147
"../../../Engine/Content/EngineFonts/Faces/RobotoBold.uexp" 148
"../../../Engine/Content/EngineFonts/Faces/RobotoBold.uasset" 149
"../../../Engine/Content/EngineFonts/Faces/RobotoBold.ufont" 150
"../../../Engine/Content/EngineFonts/Faces/RobotoRegular.uexp" 151
"../../../Engine/Content/EngineFonts/Faces/RobotoRegular.uasset" 152
"../../../Engine/Content/EngineFonts/Faces/RobotoRegular.ufont" 153
"../../../Engine/Content/EngineFonts/Faces/DroidSansFallback.uexp" 154
"../../../Engine/Content/EngineFonts/Faces/DroidSansFallback.uasset" 155
"../../../Engine/Content/EngineFonts/Faces/DroidSansFallback.ufont" 156
"../../../Engine/Content/EngineFonts/Faces/RobotoItalic.uexp" 157
"../../../Engine/Content/EngineFonts/Faces/RobotoItalic.uasset" 158
"../../../Engine/Content/EngineFonts/Faces/RobotoItalic.ufont" 159
"../../../Engine/Content/EngineFonts/Faces/RobotoBoldItalic.uexp" 160
"../../../Engine/Content/EngineFonts/Faces/RobotoBoldItalic.uasset" 161
"../../../Engine/Content/EngineFonts/Faces/RobotoBoldItalic.ufont" 162
"../../../Engine/Content/EngineFonts/Roboto.uasset" 163
"../../../Engine/Content/EngineFonts/Roboto.uexp" 164
"../../../Engine/Content/EngineResources/WhiteSquareTexture.uasset" 165
"../../../Engine/Content/EngineResources/WhiteSquareTexture.uexp" 166
"../../../Engine/Content/EngineMaterials/Widget3DPassThrough.uasset" 167
"../../../Engine/Content/EngineMaterials/Widget3DPassThrough.uexp" 168
"../../../Engine/Content/EngineMaterials/Widget3DPassThrough_Translucent.uasset" 169
"../../../Engine/Content/EngineMaterials/Widget3DPassThrough_Translucent.uexp" 170
"../../../Engine/Content/EngineMaterials/Widget3DPassThrough_Translucent_OneSided.uasset" 171
"../../../Engine/Content/EngineMaterials/Widget3DPassThrough_Translucent_OneSided.uexp" 172
"../../../Engine/Content/EngineMaterials/Widget3DPassThrough_Opaque.uasset" 173
"../../../Engine/Content/EngineMaterials/Widget3DPassThrough_Opaque.uexp" 174
"../../../Engine/Content/EngineMaterials/Widget3DPassThrough_Opaque_OneSided.uasset" 175
"../../../Engine/Content/EngineMaterials/Widget3DPassThrough_Opaque_OneSided.uexp" 176
"../../../Engine/Content/EngineMaterials/Widget3DPassThrough_Masked_OneSided.uasset" 177
"../../../Engine/Content/EngineMaterials/Widget3DPassThrough_Masked_OneSided.uexp" 178
"../../../Engine/Content/EngineMaterials/Widget3DPassThrough_Masked.uasset" 179
"../../../Engine/Content/EngineMaterials/Widget3DPassThrough_Masked.uexp" 180
"../../../Engine/Content/EngineMaterials/WeightMapPlaceholderTexture.uasset" 181
"../../../Engine/Content/EngineMaterials/WeightMapPlaceholderTexture.uexp" 182
"../../../Engine/Content/EngineMaterials/RemoveSurfaceMaterial.uasset" 183
"../../../Engine/Content/EngineMaterials/RemoveSurfaceMaterial.uexp" 184
"../../../Engine/Content/EngineMaterials/PreintegratedSkinBRDF.uasset" 185
"../../../Engine/Content/EngineMaterials/PreintegratedSkinBRDF.uexp" 186
"../../../Engine/Content/EngineMaterials/DefaultCalibrationGrayscale.uasset" 187
"../../../Engine/Content/EngineMaterials/DefaultCalibrationGrayscale.uexp" 188
"../../../Engine/Content/EngineMaterials/PPM_DefaultCalibrationGrayscale.uasset" 189
"../../../Engine/Content/EngineMaterials/PPM_DefaultCalibrationGrayscale.uexp" 190
"../../../Engine/Content/EngineMaterials/DefaultCalibrationColor.uasset" 191
"../../../Engine/Content/EngineMaterials/DefaultCalibrationColor.uexp" 192
"../../../Engine/Content/EngineMaterials/PPM_DefaultCalibrationColor.uasset" 193
"../../../Engine/Content/EngineMaterials/PPM_DefaultCalibrationColor.uexp" 194
"../../../Engine/Content/Functions/Engine_MaterialFunctions02/WorldPositionOffset/CameraOffset.uasset" 195
"../../../Engine/Content/Functions/Engine_MaterialFunctions02/WorldPositionOffset/CameraOffset.uexp" 196
"../../../Engine/Content/EngineMaterials/PhAT_JointLimitMaterial.uasset" 197
"../../../Engine/Content/EngineMaterials/PhAT_JointLimitMaterial.uexp" 198
"../../../Engine/Content/EngineMaterials/InvalidLightmapSettings.ubulk" 199
"../../../Engine/Content/EngineMaterials/InvalidLightmapSettings.uasset" 200
"../../../Engine/Content/EngineMaterials/InvalidLightmapSettings.uexp" 201
"../../../Engine/Content/EngineMaterials/M_InvalidLightmapSettings.uasset" 202
"../../../Engine/Content/EngineMaterials/M_InvalidLightmapSettings.uexp" 203
"../../../Engine/Content/EngineMaterials/MiniFont.uasset" 204
"../../../Engine/Content/EngineMaterials/MiniFont.uexp" 205
"../../../Engine/Content/EngineMaterials/Good64x64TilingNoiseHighFreq.uasset" 206
"../../../Engine/Content/EngineMaterials/Good64x64TilingNoiseHighFreq.uexp" 207
"../../../Engine/Content/EngineMaterials/GizmoMaterial.uasset" 208
"../../../Engine/Content/EngineMaterials/GizmoMaterial.uexp" 209
"../../../Engine/Content/EngineMaterials/BaseFlattenEmissiveMap_VT.uasset" 210
"../../../Engine/Content/EngineMaterials/BaseFlattenEmissiveMap_VT.uexp" 211
"../../../Engine/Content/EngineMaterials/BaseFlattenGrayscaleMap_VT.uasset" 212
"../../../Engine/Content/EngineMaterials/BaseFlattenGrayscaleMap_VT.uexp" 213
"../../../Engine/Content/EngineMaterials/BaseFlattenLinearColor_VT.uasset" 214
"../../../Engine/Content/EngineMaterials/BaseFlattenLinearColor_VT.uexp" 215
"../../../Engine/Content/EngineMaterials/Black_1x1_EXR_Texture_VT.uasset" 216
"../../../Engine/Content/EngineMaterials/Black_1x1_EXR_Texture_VT.uexp" 217
"../../../Engine/Content/EngineMaterials/BaseFlattenDiffuseMap_VT.uasset" 218
"../../../Engine/Content/EngineMaterials/BaseFlattenDiffuseMap_VT.uexp" 219
"../../../Engine/Content/EngineMaterials/BaseFlattenNormalMap_VT.uasset" 220
"../../../Engine/Content/EngineMaterials/BaseFlattenNormalMap_VT.uexp" 221
"../../../Engine/Content/EngineMaterials/FlattenMaterial_WS_Normal_VT.uasset" 222
"../../../Engine/Content/EngineMaterials/FlattenMaterial_WS_Normal_VT.uexp" 223
"../../../Engine/Content/EngineMaterials/FlattenMaterial_VT.uasset" 224
"../../../Engine/Content/EngineMaterials/FlattenMaterial_VT.uexp" 225
"../../../Engine/Content/EngineMaterials/BaseFlattenNormalMap.uasset" 226
"../../../Engine/Content/EngineMaterials/BaseFlattenNormalMap.uexp" 227
"../../../Engine/Content/EngineMaterials/BaseFlattenGrayscaleMap.uasset" 228
"../../../Engine/Content/EngineMaterials/BaseFlattenGrayscaleMap.uexp" 229
"../../../Engine/Content/EngineMaterials/BaseFlattenDiffuseMap.uasset" 230
"../../../Engine/Content/EngineMaterials/BaseFlattenDiffuseMap.uexp" 231
"../../../Engine/Content/Functions/Engine_MaterialFunctions02/PivotPainter2/Black_1x1_EXR_Texture.uasset" 232
"../../../Engine/Content/Functions/Engine_MaterialFunctions02/PivotPainter2/Black_1x1_EXR_Texture.uexp" 233
"../../../Engine/Content/EngineMaterials/BaseFlattenEmissiveMap.uasset" 234
"../../../Engine/Content/EngineMaterials/BaseFlattenEmissiveMap.uexp" 235
"../../../Engine/Content/EngineMaterials/BaseFlattenLinearColor.uasset" 236
"../../../Engine/Content/EngineMaterials/BaseFlattenLinearColor.uexp" 237
"../../../Engine/Content/EngineMaterials/FlattenMaterial.uasset" 238
"../../../Engine/Content/EngineMaterials/FlattenMaterial.uexp" 239
"../../../Engine/Content/EngineMaterials/DefaultWhiteGrid_Low.uasset" 240
"../../../Engine/Content/EngineMaterials/DefaultWhiteGrid_Low.uexp" 241
"../../../Engine/Content/EngineMaterials/EmissiveMeshMaterial.uasset" 242
"../../../Engine/Content/EngineMaterials/EmissiveMeshMaterial.uexp" 243
"../../../Engine/Content/EngineMaterials/DefaultWhiteGrid.ubulk" 244
"../../../Engine/Content/EngineMaterials/DefaultWhiteGrid.uasset" 245
"../../../Engine/Content/EngineMaterials/DefaultWhiteGrid.uexp" 246
"../../../Engine/Content/EngineFonts/RobotoDistanceField.uasset" 247
"../../../Engine/Content/EngineFonts/RobotoDistanceField.uexp" 248
"../../../Engine/Content/EngineMaterials/DefaultTextMaterialOpaque.uasset" 249
"../../../Engine/Content/EngineMaterials/DefaultTextMaterialOpaque.uexp" 250
"../../../Engine/Content/EngineMaterials/DefaultDiffuse.ubulk" 251
"../../../Engine/Content/EngineMaterials/DefaultDiffuse.uasset" 252
"../../../Engine/Content/EngineMaterials/DefaultDiffuse.uexp" 253
"../../../Engine/Content/Functions/Engine_MaterialFunctions02/Utility/BreakOutFloat2Components.uasset" 254
"../../../Engine/Content/Functions/Engine_MaterialFunctions02/Utility/BreakOutFloat2Components.uexp" 255
"../../../Engine/Content/EngineMaterials/DefaultPostProcessMaterial.uasset" 256
"../../../Engine/Content/EngineMaterials/DefaultPostProcessMaterial.uexp" 257
"../../../Engine/Content/EngineMaterials/DefaultPhysicalMaterial.uasset" 258
"../../../Engine/Content/EngineMaterials/DefaultPhysicalMaterial.uexp" 259
"../../../Engine/Content/EngineMaterials/DefaultLightFunctionMaterial.uasset" 260
"../../../Engine/Content/EngineMaterials/DefaultLightFunctionMaterial.uexp" 261
"../../../Engine/Content/EngineMaterials/DefaultDestructiblePhysicalMaterial.uasset" 262
"../../../Engine/Content/EngineMaterials/DefaultDestructiblePhysicalMaterial.uexp" 263
"../../../Engine/Content/EngineMeshes/Sphere.ubulk" 264
"../../../Engine/Content/EngineMeshes/Sphere.uasset" 265
"../../../Engine/Content/EngineMeshes/Sphere.uexp" 266
"../../../Engine/Content/EngineMaterials/DefaultDeferredDecalMaterial.uasset" 267
"../../../Engine/Content/EngineMaterials/DefaultDeferredDecalMaterial.uexp" 268
"../../../Engine/Content/EngineMaterials/DefaultBokeh.uasset" 269
"../../../Engine/Content/EngineMaterials/DefaultBokeh.uexp" 270
"../../../Engine/Content/EngineMaterials/DefaultBloomKernel.uasset" 271
"../../../Engine/Content/EngineMaterials/DefaultBloomKernel.uexp" 272
"../../../Engine/Content/EngineMaterials/BlueNoise.uasset" 273
"../../../Engine/Content/EngineMaterials/BlueNoise.uexp" 274
"../../../Engine/Content/EngineResources/GradientTexture0.uasset" 275
"../../../Engine/Content/EngineResources/GradientTexture0.uexp" 276
"../../../Engine/Content/EngineResources/DefaultVolumeTexture2D.uasset" 277
"../../../Engine/Content/EngineResources/DefaultVolumeTexture2D.uexp" 278
"../../../Engine/Content/EngineResources/DefaultVolumeTexture.uasset" 279
"../../../Engine/Content/EngineResources/DefaultVolumeTexture.uexp" 280
"../../../Engine/Content/EngineResources/DefaultTextureCube.uasset" 281
"../../../Engine/Content/EngineResources/DefaultTextureCube.uexp" 282
"../../../Engine/Content/EngineResources/DefaultTexture.ubulk" 283
"../../../Engine/Content/EngineResources/DefaultTexture.uasset" 284
"../../../Engine/Content/EngineResources/DefaultTexture.uexp" 285
"../../../Engine/Content/EngineResources/Black.uasset" 286
"../../../Engine/Content/EngineResources/Black.uexp" 287
"../../../Engine/Content/EngineResources/FilmGrains/Marcie_Grain_v3_128_M2_000.uasset" 288
"../../../Engine/Content/EngineResources/FilmGrains/Marcie_Grain_v3_128_M2_000.uexp" 289
"../../../Engine/Content/EngineSky/VolumetricClouds/CloudWeatherTexture.uasset" 290
"../../../Engine/Content/EngineSky/VolumetricClouds/CloudWeatherTexture.uexp" 291
"../../../Engine/Content/Functions/Engine_MaterialFunctions02/Utility/MakeFloat2.uasset" 292
"../../../Engine/Content/Functions/Engine_MaterialFunctions02/Utility/MakeFloat2.uexp" 293
"../../../Engine/Content/EngineSky/VolumetricClouds/CloudGradientTexture.uasset" 294
"../../../Engine/Content/EngineSky/VolumetricClouds/CloudGradientTexture.uexp" 295
"../../../Engine/Content/EngineSky/VolumetricClouds/T_NoiseShape64.ubulk" 296
"../../../Engine/Content/EngineSky/VolumetricClouds/T_NoiseShape64.uasset" 297
"../../../Engine/Content/EngineSky/VolumetricClouds/T_NoiseShape64.uexp" 298
"../../../Engine/Content/EngineSky/VolumetricClouds/T_VolumeNoiseShape64.uasset" 299
"../../../Engine/Content/EngineSky/VolumetricClouds/T_VolumeNoiseShape64.uexp" 300
"../../../Engine/Content/EngineSky/VolumetricClouds/T_NoiseErosion.ubulk" 301
"../../../Engine/Content/EngineSky/VolumetricClouds/T_NoiseErosion.uasset" 302
"../../../Engine/Content/EngineSky/VolumetricClouds/T_NoiseErosion.uexp" 303
"../../../Engine/Content/EngineSky/VolumetricClouds/T_VolumeNoiseErosion32.uasset" 304
"../../../Engine/Content/EngineSky/VolumetricClouds/T_VolumeNoiseErosion32.uexp" 305
"../../../Engine/Content/EngineSky/VolumetricClouds/m_SimpleVolumetricCloud.uasset" 306
"../../../Engine/Content/EngineSky/VolumetricClouds/m_SimpleVolumetricCloud.uexp" 307
"../../../Engine/Content/EngineSky/VolumetricClouds/m_SimpleVolumetricCloud_Inst.uasset" 308
"../../../Engine/Content/EngineSky/VolumetricClouds/m_SimpleVolumetricCloud_Inst.uexp" 309
"../../../Engine/Content/EngineSounds/Master.uasset" 310
"../../../Engine/Content/EngineSounds/Master.uexp" 311
"../../../Engine/Content/Functions/Engine_MaterialFunctions01/Shading/PowerToRoughness.uasset" 312
"../../../Engine/Content/Functions/Engine_MaterialFunctions01/Shading/PowerToRoughness.uexp" 313
"../../../Engine/Content/Functions/Engine_MaterialFunctions01/Shading/ConvertFromDiffSpec.uasset" 314
"../../../Engine/Content/Functions/Engine_MaterialFunctions01/Shading/ConvertFromDiffSpec.uexp" 315
"../../../Engine/Content/MobileResources/HUD/VirtualJoystick_Background.uasset" 316
"../../../Engine/Content/MobileResources/HUD/VirtualJoystick_Background.uexp" 317
"../../../Engine/Content/MobileResources/HUD/VirtualJoystick_Thumb.uasset" 318
"../../../Engine/Content/MobileResources/HUD/VirtualJoystick_Thumb.uexp" 319
"../../../Engine/Content/MobileResources/HUD/DefaultVirtualJoysticks.uasset" 320
"../../../Engine/Content/MobileResources/HUD/DefaultVirtualJoysticks.uexp" 321
"../../../Engine/Content/Tutorial/ContentIntroCurve.uasset" 322
"../../../Engine/Content/Tutorial/ContentIntroCurve.uexp" 323
"../../../Engine/Content/VREditor/TransformGizmo/Main.uasset" 324
"../../../Engine/Content/VREditor/TransformGizmo/Main.uexp" 325
"../../../Engine/Content/VREditor/TransformGizmo/Xray.uasset" 326
"../../../Engine/Content/VREditor/TransformGizmo/Xray.uexp" 327
"../../../Engine/Content/VREditor/TransformGizmo/SM_Sequencer_Node.ubulk" 328
"../../../Engine/Content/VREditor/TransformGizmo/SM_Sequencer_Node.uasset" 329
"../../../Engine/Content/VREditor/TransformGizmo/SM_Sequencer_Node.uexp" 330
"../../../Engine/Content/VREditor/LaserPointer/VR_LaserPower_01.ubulk" 331
"../../../Engine/Content/VREditor/LaserPointer/VR_LaserPower_01.uasset" 332
"../../../Engine/Content/VREditor/LaserPointer/VR_LaserPower_01.uexp" 333
"../../../Engine/Content/VREditor/TransformGizmo/TransformGizmoMaterial.uasset" 334
"../../../Engine/Content/VREditor/TransformGizmo/TransformGizmoMaterial.uexp" 335
"../../../Engine/Content/VREditor/TransformGizmo/TranslucentTransformGizmoMaterial.uasset" 336
"../../../Engine/Content/VREditor/TransformGizmo/TranslucentTransformGizmoMaterial.uexp" 337
"../../../Engine/Content/VREditor/TransformGizmo/PlaneTranslationHandle.ubulk" 338
"../../../Engine/Content/VREditor/TransformGizmo/PlaneTranslationHandle.uasset" 339
"../../../Engine/Content/VREditor/TransformGizmo/PlaneTranslationHandle.uexp" 340
"../../../Engine/Content/VREditor/TransformGizmo/BoundingBoxEdge.ubulk" 341
"../../../Engine/Content/VREditor/TransformGizmo/BoundingBoxEdge.uasset" 342
"../../../Engine/Content/VREditor/TransformGizmo/BoundingBoxEdge.uexp" 343
"../../../Engine/Content/VREditor/TransformGizmo/BoundingBoxCorner.ubulk" 344
"../../../Engine/Content/VREditor/TransformGizmo/BoundingBoxCorner.uasset" 345
"../../../Engine/Content/VREditor/TransformGizmo/BoundingBoxCorner.uexp" 346
"../../../Engine/Plugins/2D/Paper2D/Content/PlaceholderTextures/DummySpriteTexture.ubulk" 347
"../../../Engine/Plugins/2D/Paper2D/Content/PlaceholderTextures/DummySpriteTexture.uasset" 348
"../../../Engine/Plugins/2D/Paper2D/Content/PlaceholderTextures/DummySpriteTexture.uexp" 349
"../../../Engine/Plugins/2D/Paper2D/Content/DefaultSpriteMaterial.uasset" 350
"../../../Engine/Plugins/2D/Paper2D/Content/DefaultSpriteMaterial.uexp" 351
"../../../Engine/Plugins/2D/Paper2D/Content/OpaqueUnlitSpriteMaterial.uasset" 352
"../../../Engine/Plugins/2D/Paper2D/Content/OpaqueUnlitSpriteMaterial.uexp" 353
"../../../Engine/Plugins/2D/Paper2D/Content/MaskedUnlitSpriteMaterial.uasset" 354
"../../../Engine/Plugins/2D/Paper2D/Content/MaskedUnlitSpriteMaterial.uexp" 355
"../../../Engine/Plugins/2D/Paper2D/Content/DummySprite.uasset" 356
"../../../Engine/Plugins/2D/Paper2D/Content/DummySprite.uexp" 357
"../../../Engine/Plugins/2D/Paper2D/Content/DefaultPaperTerrainMaterial.uasset" 358
"../../../Engine/Plugins/2D/Paper2D/Content/DefaultPaperTerrainMaterial.uexp" 359
"../../../Engine/Plugins/Animation/ControlRig/Content/M_Manip.uasset" 360
"../../../Engine/Plugins/Animation/ControlRig/Content/M_Manip.uexp" 361
"../../../Engine/Plugins/Animation/ControlRig/Content/Controls/DefaultGizmoLibraryNormalized.uasset" 362
"../../../Engine/Plugins/Animation/ControlRig/Content/Controls/DefaultGizmoLibraryNormalized.uexp" 363
"../../../Engine/Plugins/Animation/ControlRig/Content/Controls/ControlRig_Wedge_solid.ubulk" 364
"../../../Engine/Plugins/Animation/ControlRig/Content/Controls/ControlRig_Wedge_solid.uasset" 365
"../../../Engine/Plugins/Animation/ControlRig/Content/Controls/ControlRig_Wedge_solid.uexp" 366
"../../../Engine/Plugins/Animation/ControlRig/Content/Controls/ControlRig_Wedge_3mm.ubulk" 367
"../../../Engine/Plugins/Animation/ControlRig/Content/Controls/ControlRig_Wedge_3mm.uasset" 368
"../../../Engine/Plugins/Animation/ControlRig/Content/Controls/ControlRig_Wedge_3mm.uexp" 369
"../../../Engine/Plugins/Animation/ControlRig/Content/Controls/ControlRig_Wedge_1mm.ubulk" 370
"../../../Engine/Plugins/Animation/ControlRig/Content/Controls/ControlRig_Wedge_1mm.uasset" 371
"../../../Engine/Plugins/Animation/ControlRig/Content/Controls/ControlRig_Wedge_1mm.uexp" 372
"../../../Engine/Plugins/Animation/ControlRig/Content/Controls/ControlRig_Triangle_solid.ubulk" 373
"../../../Engine/Plugins/Animation/ControlRig/Content/Controls/ControlRig_Triangle_solid.uasset" 374
"../../../Engine/Plugins/Animation/ControlRig/Content/Controls/ControlRig_Triangle_solid.uexp" 375
"../../../Engine/Plugins/Animation/ControlRig/Content/Controls/ControlRig_Triangle_3mm.ubulk" 376
"../../../Engine/Plugins/Animation/ControlRig/Content/Controls/ControlRig_Triangle_3mm.uasset" 377
"../../../Engine/Plugins/Animation/ControlRig/Content/Controls/ControlRig_Triangle_3mm.uexp" 378
"../../../Engine/Plugins/Animation/ControlRig/Content/Controls/ControlRig_Triangle_1mm.ubulk" 379
"../../../Engine/Plugins/Animation/ControlRig/Content/Controls/ControlRig_Triangle_1mm.uasset" 380
"../../../Engine/Plugins/Animation/ControlRig/Content/Controls/ControlRig_Triangle_1mm.uexp" 381
"../../../Engine/Plugins/Animation/ControlRig/Content/Controls/ControlRig_Star4_solid.ubulk" 382
"../../../Engine/Plugins/Animation/ControlRig/Content/Controls/ControlRig_Star4_solid.uasset" 383
"../../../Engine/Plugins/Animation/ControlRig/Content/Controls/ControlRig_Star4_solid.uexp" 384
"../../../Engine/Plugins/Animation/ControlRig/Content/Controls/ControlRig_Star4_3mm.ubulk" 385
"../../../Engine/Plugins/Animation/ControlRig/Content/Controls/ControlRig_Star4_3mm.uasset" 386
"../../../Engine/Plugins/Animation/ControlRig/Content/Controls/ControlRig_Star4_3mm.uexp" 387
"../../../Engine/Plugins/Animation/ControlRig/Content/Controls/ControlRig_Star4_1mm.ubulk" 388
"../../../Engine/Plugins/Animation/ControlRig/Content/Controls/ControlRig_Star4_1mm.uasset" 389
"../../../Engine/Plugins/Animation/ControlRig/Content/Controls/ControlRig_Star4_1mm.uexp" 390
"../../../Engine/Plugins/Animation/ControlRig/Content/Controls/ControlRig_Square_solid.ubulk" 391
"../../../Engine/Plugins/Animation/ControlRig/Content/Controls/ControlRig_Square_solid.uasset" 392
"../../../Engine/Plugins/Animation/ControlRig/Content/Controls/ControlRig_Square_solid.uexp" 393
"../../../Engine/Plugins/Animation/ControlRig/Content/Controls/ControlRig_Square_3mm.ubulk" 394
"../../../Engine/Plugins/Animation/ControlRig/Content/Controls/ControlRig_Square_3mm.uasset" 395
"../../../Engine/Plugins/Animation/ControlRig/Content/Controls/ControlRig_Square_3mm.uexp" 396
"../../../Engine/Plugins/Animation/ControlRig/Content/Controls/ControlRig_Square_1mm.ubulk" 397
"../../../Engine/Plugins/Animation/ControlRig/Content/Controls/ControlRig_Square_1mm.uasset" 398
"../../../Engine/Plugins/Animation/ControlRig/Content/Controls/ControlRig_Square_1mm.uexp" 399
"../../../Engine/Plugins/Animation/ControlRig/Content/Controls/ControlRig_Sphere_solid.ubulk" 400
"../../../Engine/Plugins/Animation/ControlRig/Content/Controls/ControlRig_Sphere_solid.uasset" 401
"../../../Engine/Plugins/Animation/ControlRig/Content/Controls/ControlRig_Sphere_solid.uexp" 402
"../../../Engine/Plugins/Animation/ControlRig/Content/Controls/ControlRig_Sphere_3mm.ubulk" 403
"../../../Engine/Plugins/Animation/ControlRig/Content/Controls/ControlRig_Sphere_3mm.uasset" 404
"../../../Engine/Plugins/Animation/ControlRig/Content/Controls/ControlRig_Sphere_3mm.uexp" 405
"../../../Engine/Plugins/Animation/ControlRig/Content/Controls/ControlRig_Sphere_1mm.ubulk" 406
"../../../Engine/Plugins/Animation/ControlRig/Content/Controls/ControlRig_Sphere_1mm.uasset" 407
"../../../Engine/Plugins/Animation/ControlRig/Content/Controls/ControlRig_Sphere_1mm.uexp" 408
"../../../Engine/Plugins/Animation/ControlRig/Content/Controls/ControlRig_RoundedTriangle_solid.ubulk" 409
"../../../Engine/Plugins/Animation/ControlRig/Content/Controls/ControlRig_RoundedTriangle_solid.uasset" 410
"../../../Engine/Plugins/Animation/ControlRig/Content/Controls/ControlRig_RoundedTriangle_solid.uexp" 411
"../../../Engine/Plugins/Animation/ControlRig/Content/Controls/ControlRig_RoundedTriangle_3mm.ubulk" 412
"../../../Engine/Plugins/Animation/ControlRig/Content/Controls/ControlRig_RoundedTriangle_3mm.uasset" 413
"../../../Engine/Plugins/Animation/ControlRig/Content/Controls/ControlRig_RoundedTriangle_3mm.uexp" 414
"../../../Engine/Plugins/Animation/ControlRig/Content/Controls/ControlRig_RoundedTriangle_1mm.ubulk" 415
"../../../Engine/Plugins/Animation/ControlRig/Content/Controls/ControlRig_RoundedTriangle_1mm.uasset" 416
"../../../Engine/Plugins/Animation/ControlRig/Content/Controls/ControlRig_RoundedTriangle_1mm.uexp" 417
"../../../Engine/Plugins/Animation/ControlRig/Content/Controls/ControlRig_RoundedSquare_solid.ubulk" 418
"../../../Engine/Plugins/Animation/ControlRig/Content/Controls/ControlRig_RoundedSquare_solid.uasset" 419
"../../../Engine/Plugins/Animation/ControlRig/Content/Controls/ControlRig_RoundedSquare_solid.uexp" 420
"../../../Engine/Plugins/Animation/ControlRig/Content/Controls/ControlRig_RoundedSquare_3mm.ubulk" 421
"../../../Engine/Plugins/Animation/ControlRig/Content/Controls/ControlRig_RoundedSquare_3mm.uasset" 422
"../../../Engine/Plugins/Animation/ControlRig/Content/Controls/ControlRig_RoundedSquare_3mm.uexp" 423
"../../../Engine/Plugins/Animation/ControlRig/Content/Controls/ControlRig_RoundedSquare_1mm.ubulk" 424
"../../../Engine/Plugins/Animation/ControlRig/Content/Controls/ControlRig_RoundedSquare_1mm.uasset" 425
"../../../Engine/Plugins/Animation/ControlRig/Content/Controls/ControlRig_RoundedSquare_1mm.uexp" 426
"../../../Engine/Plugins/Animation/ControlRig/Content/Controls/ControlRig_QuarterCircle_solid.ubulk" 427
"../../../Engine/Plugins/Animation/ControlRig/Content/Controls/ControlRig_QuarterCircle_solid.uasset" 428
"../../../Engine/Plugins/Animation/ControlRig/Content/Controls/ControlRig_QuarterCircle_solid.uexp" 429
"../../../Engine/Plugins/Animation/ControlRig/Content/Controls/ControlRig_QuarterCircle_3mm.ubulk" 430
"../../../Engine/Plugins/Animation/ControlRig/Content/Controls/ControlRig_QuarterCircle_3mm.uasset" 431
"../../../Engine/Plugins/Animation/ControlRig/Content/Controls/ControlRig_QuarterCircle_3mm.uexp" 432
"../../../Engine/Plugins/Animation/ControlRig/Content/Controls/ControlRig_QuarterCircle_1mm.ubulk" 433
"../../../Engine/Plugins/Animation/ControlRig/Content/Controls/ControlRig_QuarterCircle_1mm.uasset" 434
"../../../Engine/Plugins/Animation/ControlRig/Content/Controls/ControlRig_QuarterCircle_1mm.uexp" 435
"../../../Engine/Plugins/Animation/ControlRig/Content/Controls/ControlRig_Pyramid_solid.ubulk" 436
"../../../Engine/Plugins/Animation/ControlRig/Content/Controls/ControlRig_Pyramid_solid.uasset" 437
"../../../Engine/Plugins/Animation/ControlRig/Content/Controls/ControlRig_Pyramid_solid.uexp" 438
"../../../Engine/Plugins/Animation/ControlRig/Content/Controls/ControlRig_Pyramid_3mm.ubulk" 439
"../../../Engine/Plugins/Animation/ControlRig/Content/Controls/ControlRig_Pyramid_3mm.uasset" 440
"../../../Engine/Plugins/Animation/ControlRig/Content/Controls/ControlRig_Pyramid_3mm.uexp" 441
"../../../Engine/Plugins/Animation/ControlRig/Content/Controls/ControlRig_Pyramid_1mm.ubulk" 442
"../../../Engine/Plugins/Animation/ControlRig/Content/Controls/ControlRig_Pyramid_1mm.uasset" 443
"../../../Engine/Plugins/Animation/ControlRig/Content/Controls/ControlRig_Pyramid_1mm.uexp" 444
"../../../Engine/Plugins/Animation/ControlRig/Content/Controls/ControlRig_Octagon_solid.ubulk" 445
"../../../Engine/Plugins/Animation/ControlRig/Content/Controls/ControlRig_Octagon_solid.uasset" 446
"../../../Engine/Plugins/Animation/ControlRig/Content/Controls/ControlRig_Octagon_solid.uexp" 447
"../../../Engine/Plugins/Animation/ControlRig/Content/Controls/ControlRig_Octagon_3mm.ubulk" 448
"../../../Engine/Plugins/Animation/ControlRig/Content/Controls/ControlRig_Octagon_3mm.uasset" 449
"../../../Engine/Plugins/Animation/ControlRig/Content/Controls/ControlRig_Octagon_3mm.uexp" 450
"../../../Engine/Plugins/Animation/ControlRig/Content/Controls/ControlRig_Octagon_1mm.ubulk" 451
"../../../Engine/Plugins/Animation/ControlRig/Content/Controls/ControlRig_Octagon_1mm.uasset" 452
"../../../Engine/Plugins/Animation/ControlRig/Content/Controls/ControlRig_Octagon_1mm.uexp" 453
"../../../Engine/Plugins/Animation/ControlRig/Content/Controls/ControlRig_Hexagon_solid.ubulk" 454
"../../../Engine/Plugins/Animation/ControlRig/Content/Controls/ControlRig_Hexagon_solid.uasset" 455
"../../../Engine/Plugins/Animation/ControlRig/Content/Controls/ControlRig_Hexagon_solid.uexp" 456
"../../../Engine/Plugins/Animation/ControlRig/Content/Controls/ControlRig_Hexagon_3mm.ubulk" 457
"../../../Engine/Plugins/Animation/ControlRig/Content/Controls/ControlRig_Hexagon_3mm.uasset" 458
"../../../Engine/Plugins/Animation/ControlRig/Content/Controls/ControlRig_Hexagon_3mm.uexp" 459
"../../../Engine/Plugins/Animation/ControlRig/Content/Controls/ControlRig_Hexagon_1mm.ubulk" 460
"../../../Engine/Plugins/Animation/ControlRig/Content/Controls/ControlRig_Hexagon_1mm.uasset" 461
"../../../Engine/Plugins/Animation/ControlRig/Content/Controls/ControlRig_Hexagon_1mm.uexp" 462
"../../../Engine/Plugins/Animation/ControlRig/Content/Controls/ControlRig_HalfCircle_solid.ubulk" 463
"../../../Engine/Plugins/Animation/ControlRig/Content/Controls/ControlRig_HalfCircle_solid.uasset" 464
"../../../Engine/Plugins/Animation/ControlRig/Content/Controls/ControlRig_HalfCircle_solid.uexp" 465
"../../../Engine/Plugins/Animation/ControlRig/Content/Controls/ControlRig_HalfCircle_3mm.ubulk" 466
"../../../Engine/Plugins/Animation/ControlRig/Content/Controls/ControlRig_HalfCircle_3mm.uasset" 467
"../../../Engine/Plugins/Animation/ControlRig/Content/Controls/ControlRig_HalfCircle_3mm.uexp" 468
"../../../Engine/Plugins/Animation/ControlRig/Content/Controls/ControlRig_HalfCircle_1mm.ubulk" 469
"../../../Engine/Plugins/Animation/ControlRig/Content/Controls/ControlRig_HalfCircle_1mm.uasset" 470
"../../../Engine/Plugins/Animation/ControlRig/Content/Controls/ControlRig_HalfCircle_1mm.uexp" 471
"../../../Engine/Plugins/Animation/ControlRig/Content/Controls/ControlRig_Diamond_solid.ubulk" 472
"../../../Engine/Plugins/Animation/ControlRig/Content/Controls/ControlRig_Diamond_solid.uasset" 473
"../../../Engine/Plugins/Animation/ControlRig/Content/Controls/ControlRig_Diamond_solid.uexp" 474
"../../../Engine/Plugins/Animation/ControlRig/Content/Controls/ControlRig_Diamond_3mm.ubulk" 475
"../../../Engine/Plugins/Animation/ControlRig/Content/Controls/ControlRig_Diamond_3mm.uasset" 476
"../../../Engine/Plugins/Animation/ControlRig/Content/Controls/ControlRig_Diamond_3mm.uexp" 477
"../../../Engine/Plugins/Animation/ControlRig/Content/Controls/ControlRig_Diamond_1mm.ubulk" 478
"../../../Engine/Plugins/Animation/ControlRig/Content/Controls/ControlRig_Diamond_1mm.uasset" 479
"../../../Engine/Plugins/Animation/ControlRig/Content/Controls/ControlRig_Diamond_1mm.uexp" 480
"../../../Engine/Plugins/Animation/ControlRig/Content/Controls/ControlRig_Circle_solid.ubulk" 481
"../../../Engine/Plugins/Animation/ControlRig/Content/Controls/ControlRig_Circle_solid.uasset" 482
"../../../Engine/Plugins/Animation/ControlRig/Content/Controls/ControlRig_Circle_solid.uexp" 483
"../../../Engine/Plugins/Animation/ControlRig/Content/Controls/ControlRig_Circle_3mm.ubulk" 484
"../../../Engine/Plugins/Animation/ControlRig/Content/Controls/ControlRig_Circle_3mm.uasset" 485
"../../../Engine/Plugins/Animation/ControlRig/Content/Controls/ControlRig_Circle_3mm.uexp" 486
"../../../Engine/Plugins/Animation/ControlRig/Content/Controls/ControlRig_Circle_1mm.ubulk" 487
"../../../Engine/Plugins/Animation/ControlRig/Content/Controls/ControlRig_Circle_1mm.uasset" 488
"../../../Engine/Plugins/Animation/ControlRig/Content/Controls/ControlRig_Circle_1mm.uexp" 489
"../../../Engine/Plugins/Animation/ControlRig/Content/Controls/ControlRig_Box_solid.ubulk" 490
"../../../Engine/Plugins/Animation/ControlRig/Content/Controls/ControlRig_Box_solid.uasset" 491
"../../../Engine/Plugins/Animation/ControlRig/Content/Controls/ControlRig_Box_solid.uexp" 492
"../../../Engine/Plugins/Animation/ControlRig/Content/Controls/ControlRig_Box_3mm.ubulk" 493
"../../../Engine/Plugins/Animation/ControlRig/Content/Controls/ControlRig_Box_3mm.uasset" 494
"../../../Engine/Plugins/Animation/ControlRig/Content/Controls/ControlRig_Box_3mm.uexp" 495
"../../../Engine/Plugins/Animation/ControlRig/Content/Controls/ControlRig_Box_1mm.ubulk" 496
"../../../Engine/Plugins/Animation/ControlRig/Content/Controls/ControlRig_Box_1mm.uasset" 497
"../../../Engine/Plugins/Animation/ControlRig/Content/Controls/ControlRig_Box_1mm.uexp" 498
"../../../Engine/Plugins/Animation/ControlRig/Content/Controls/ControlRig_Arrow_solid.ubulk" 499
"../../../Engine/Plugins/Animation/ControlRig/Content/Controls/ControlRig_Arrow_solid.uasset" 500
"../../../Engine/Plugins/Animation/ControlRig/Content/Controls/ControlRig_Arrow_solid.uexp" 501
"../../../Engine/Plugins/Animation/ControlRig/Content/Controls/ControlRig_Arrow_3mm.ubulk" 502
"../../../Engine/Plugins/Animation/ControlRig/Content/Controls/ControlRig_Arrow_3mm.uasset" 503
"../../../Engine/Plugins/Animation/ControlRig/Content/Controls/ControlRig_Arrow_3mm.uexp" 504
"../../../Engine/Plugins/Animation/ControlRig/Content/Controls/ControlRig_Arrow_1mm.ubulk" 505
"../../../Engine/Plugins/Animation/ControlRig/Content/Controls/ControlRig_Arrow_1mm.uasset" 506
"../../../Engine/Plugins/Animation/ControlRig/Content/Controls/ControlRig_Arrow_1mm.uexp" 507
"../../../Engine/Plugins/Animation/ControlRig/Content/Controls/ControlRig_Arrow4_solid.ubulk" 508
"../../../Engine/Plugins/Animation/ControlRig/Content/Controls/ControlRig_Arrow4_solid.uasset" 509
"../../../Engine/Plugins/Animation/ControlRig/Content/Controls/ControlRig_Arrow4_solid.uexp" 510
"../../../Engine/Plugins/Animation/ControlRig/Content/Controls/ControlRig_Arrow4_3mm.ubulk" 511
"../../../Engine/Plugins/Animation/ControlRig/Content/Controls/ControlRig_Arrow4_3mm.uasset" 512
"../../../Engine/Plugins/Animation/ControlRig/Content/Controls/ControlRig_Arrow4_3mm.uexp" 513
"../../../Engine/Plugins/Animation/ControlRig/Content/Controls/ControlRig_Arrow4_1mm.ubulk" 514
"../../../Engine/Plugins/Animation/ControlRig/Content/Controls/ControlRig_Arrow4_1mm.uasset" 515
"../../../Engine/Plugins/Animation/ControlRig/Content/Controls/ControlRig_Arrow4_1mm.uexp" 516
"../../../Engine/Plugins/Animation/ControlRig/Content/Controls/ControlRig_Arrow2_solid.ubulk" 517
"../../../Engine/Plugins/Animation/ControlRig/Content/Controls/ControlRig_Arrow2_solid.uasset" 518
"../../../Engine/Plugins/Animation/ControlRig/Content/Controls/ControlRig_Arrow2_solid.uexp" 519
"../../../Engine/Plugins/Animation/ControlRig/Content/Controls/ControlRig_Arrow2_3mm.ubulk" 520
"../../../Engine/Plugins/Animation/ControlRig/Content/Controls/ControlRig_Arrow2_3mm.uasset" 521
"../../../Engine/Plugins/Animation/ControlRig/Content/Controls/ControlRig_Arrow2_3mm.uexp" 522
"../../../Engine/Plugins/Animation/ControlRig/Content/Controls/ControlRig_Arrow2_1mm.ubulk" 523
"../../../Engine/Plugins/Animation/ControlRig/Content/Controls/ControlRig_Arrow2_1mm.uasset" 524
"../../../Engine/Plugins/Animation/ControlRig/Content/Controls/ControlRig_Arrow2_1mm.uexp" 525
"../../../Engine/Plugins/Animation/ControlRig/Content/Controls/ControlRigGizmoMaterial.uasset" 526
"../../../Engine/Plugins/Animation/ControlRig/Content/Controls/ControlRigGizmoMaterial.uexp" 527
"../../../Engine/Plugins/Editor/SpeedTreeImporter/Content/SpeedTree9/game_wind_noise.ubulk" 528
"../../../Engine/Plugins/Editor/SpeedTreeImporter/Content/SpeedTree9/game_wind_noise.uasset" 529
"../../../Engine/Plugins/Editor/SpeedTreeImporter/Content/SpeedTree9/game_wind_noise.uexp" 530
"../../../Engine/Plugins/Editor/SpeedTreeImporter/Content/SpeedTree9/UnpackDirection.uasset" 531
"../../../Engine/Plugins/Editor/SpeedTreeImporter/Content/SpeedTree9/UnpackDirection.uexp" 532
"../../../Engine/Content/Functions/Engine_MaterialFunctions02/ObjectLocalBounds.uasset" 533
"../../../Engine/Content/Functions/Engine_MaterialFunctions02/ObjectLocalBounds.uexp" 534
"../../../Engine/Content/Functions/Engine_MaterialFunctions02/UVs/BoundingBoxBased_0-1_UVW.uasset" 535
"../../../Engine/Content/Functions/Engine_MaterialFunctions02/UVs/BoundingBoxBased_0-1_UVW.uexp" 536
"../../../Engine/Content/Functions/Engine_MaterialFunctions02/Utility/VectorLength.uasset" 537
"../../../Engine/Content/Functions/Engine_MaterialFunctions02/Utility/VectorLength.uexp" 538
"../../../Engine/Plugins/Editor/SpeedTreeImporter/Content/SpeedTree9/UnpackInteger3.uasset" 539
"../../../Engine/Plugins/Editor/SpeedTreeImporter/Content/SpeedTree9/UnpackInteger3.uexp" 540
"../../../Engine/Plugins/Editor/SpeedTreeImporter/Content/SpeedTree9/SpeedTreeCameraFacing.uasset" 541
"../../../Engine/Plugins/Editor/SpeedTreeImporter/Content/SpeedTree9/SpeedTreeCameraFacing.uexp" 542
"../../../Engine/Content/Functions/Engine_MaterialFunctions02/WorldPositionOffset/ObjectScale.uasset" 543
"../../../Engine/Content/Functions/Engine_MaterialFunctions02/WorldPositionOffset/ObjectScale.uexp" 544
"../../../Engine/Content/Functions/Engine_MaterialFunctions02/SafeNormalize.uasset" 545
"../../../Engine/Content/Functions/Engine_MaterialFunctions02/SafeNormalize.uexp" 546
"../../../Engine/Plugins/Editor/SpeedTreeImporter/Content/SpeedTree9/SpeedTreeWindMotion.uasset" 547
"../../../Engine/Plugins/Editor/SpeedTreeImporter/Content/SpeedTree9/SpeedTreeWindMotion.uexp" 548
"../../../Engine/Plugins/Editor/SpeedTreeImporter/Content/SpeedTree9/SpeedTreeBranchMotion.uasset" 549
"../../../Engine/Plugins/Editor/SpeedTreeImporter/Content/SpeedTree9/SpeedTreeBranchMotion.uexp" 550
"../../../Engine/Plugins/Editor/SpeedTreeImporter/Content/SpeedTree9/SpeedTreeWind.uasset" 551
"../../../Engine/Plugins/Editor/SpeedTreeImporter/Content/SpeedTree9/SpeedTreeWind.uexp" 552
"../../../Engine/Plugins/Editor/SpeedTreeImporter/Content/SpeedTree9/EmptyNormal.uasset" 553
"../../../Engine/Plugins/Editor/SpeedTreeImporter/Content/SpeedTree9/EmptyNormal.uexp" 554
"../../../Engine/Plugins/Editor/SpeedTreeImporter/Content/SpeedTree9/Empty.uasset" 555
"../../../Engine/Plugins/Editor/SpeedTreeImporter/Content/SpeedTree9/Empty.uexp" 556
"../../../Engine/Plugins/Editor/SpeedTreeImporter/Content/SpeedTree9/SpeedTreeMaster.uasset" 557
"../../../Engine/Plugins/Editor/SpeedTreeImporter/Content/SpeedTree9/SpeedTreeMaster.uexp" 558
"../../../Engine/Plugins/Editor/SpeedTreeImporter/Content/SpeedTree9/SpeedTreeBillboard.uasset" 559
"../../../Engine/Plugins/Editor/SpeedTreeImporter/Content/SpeedTree9/SpeedTreeBillboard.uexp" 560
"../../../Engine/Plugins/Editor/SpeedTreeImporter/Content/SpeedTree9/SpeedTreeBillboardMaster.uasset" 561
"../../../Engine/Plugins/Editor/SpeedTreeImporter/Content/SpeedTree9/SpeedTreeBillboardMaster.uexp" 562
"../../../Engine/Plugins/Runtime/HairStrands/Content/Materials/HairMeshesDefaultMaterial.uasset" 563
"../../../Engine/Plugins/Runtime/HairStrands/Content/Materials/HairMeshesDefaultMaterial.uexp" 564
"../../../Engine/Plugins/Runtime/HairStrands/Content/Materials/HairDefaultMaterial.uasset" 565
"../../../Engine/Plugins/Runtime/HairStrands/Content/Materials/HairDefaultMaterial.uexp" 566
"../../../Engine/Plugins/Runtime/HairStrands/Content/Materials/HairGroupColors.uasset" 567
"../../../Engine/Plugins/Runtime/HairStrands/Content/Materials/HairGroupColors.uexp" 568
"../../../Engine/Content/EngineMaterials/HairColorMap.uasset" 569
"../../../Engine/Content/EngineMaterials/HairColorMap.uexp" 570
"../../../Engine/Content/EngineMaterials/HairDebugColor.uasset" 571
"../../../Engine/Content/EngineMaterials/HairDebugColor.uexp" 572
"../../../Engine/Plugins/Runtime/HairStrands/Content/Materials/HairDebugMaterial.uasset" 573
"../../../Engine/Plugins/Runtime/HairStrands/Content/Materials/HairDebugMaterial.uexp" 574
"../../../Engine/Plugins/Runtime/HairStrands/Content/Materials/HairCardsDefaultMaterial.uasset" 575
"../../../Engine/Plugins/Runtime/HairStrands/Content/Materials/HairCardsDefaultMaterial.uexp" 576
"../../../Engine/Content/Maps/Entry_BuiltData.uasset" 577
"../../../Engine/Content/Maps/Entry_BuiltData.uexp" 578
"../../../Engine/Content/Maps/Entry.uexp" 579
"../../../Engine/Content/Maps/Entry.umap" 580
"C:/Users/Work/Documents/Unreal Projects/CrystalExplorer/Content/StarterContent/Textures/T_Rock_Basalt_D.ubulk" 581
"C:/Users/Work/Documents/Unreal Projects/CrystalExplorer/Content/StarterContent/Textures/T_Rock_Basalt_D.uasset" 582
"C:/Users/Work/Documents/Unreal Projects/CrystalExplorer/Content/StarterContent/Textures/T_Rock_Basalt_D.uexp" 583
"C:/Users/Work/Documents/Unreal Projects/CrystalExplorer/Content/StarterContent/Textures/T_Perlin_Noise_M.ubulk" 584
"C:/Users/Work/Documents/Unreal Projects/CrystalExplorer/Content/StarterContent/Textures/T_Perlin_Noise_M.uasset" 585
"C:/Users/Work/Documents/Unreal Projects/CrystalExplorer/Content/StarterContent/Textures/T_Perlin_Noise_M.uexp" 586
"C:/Users/Work/Documents/Unreal Projects/CrystalExplorer/Content/StarterContent/Textures/T_Rock_Basalt_N.ubulk" 587
"C:/Users/Work/Documents/Unreal Projects/CrystalExplorer/Content/StarterContent/Textures/T_Rock_Basalt_N.uasset" 588
"C:/Users/Work/Documents/Unreal Projects/CrystalExplorer/Content/StarterContent/Textures/T_Rock_Basalt_N.uexp" 589
"C:/Users/Work/Documents/Unreal Projects/CrystalExplorer/Content/StarterContent/Textures/T_MacroVariation.uasset" 590
"C:/Users/Work/Documents/Unreal Projects/CrystalExplorer/Content/StarterContent/Textures/T_MacroVariation.uexp" 591
"C:/Users/Work/Documents/Unreal Projects/CrystalExplorer/Content/StarterContent/Materials/M_Rock_Basalt.uasset" 592
"C:/Users/Work/Documents/Unreal Projects/CrystalExplorer/Content/StarterContent/Materials/M_Rock_Basalt.uexp" 593
"C:/Users/Work/Documents/Unreal Projects/CrystalExplorer/Content/StarterContent/Textures/T_Metal_Gold_N.ubulk" 594
"C:/Users/Work/Documents/Unreal Projects/CrystalExplorer/Content/StarterContent/Textures/T_Metal_Gold_N.uasset" 595
"C:/Users/Work/Documents/Unreal Projects/CrystalExplorer/Content/StarterContent/Textures/T_Metal_Gold_N.uexp" 596
"C:/Users/Work/Documents/Unreal Projects/CrystalExplorer/Content/StarterContent/Textures/T_Metal_Gold_D.ubulk" 597
"C:/Users/Work/Documents/Unreal Projects/CrystalExplorer/Content/StarterContent/Textures/T_Metal_Gold_D.uasset" 598
"C:/Users/Work/Documents/Unreal Projects/CrystalExplorer/Content/StarterContent/Textures/T_Metal_Gold_D.uexp" 599
"C:/Users/Work/Documents/Unreal Projects/CrystalExplorer/Content/StarterContent/Materials/M_Metal_Gold.uasset" 600
"C:/Users/Work/Documents/Unreal Projects/CrystalExplorer/Content/StarterContent/Materials/M_Metal_Gold.uexp" 601
"C:/Users/Work/Documents/Unreal Projects/CrystalExplorer/Content/StarterContent/Materials/M_Basic_Wall.uasset" 602
"C:/Users/Work/Documents/Unreal Projects/CrystalExplorer/Content/StarterContent/Materials/M_Basic_Wall.uexp" 603
"C:/Users/Work/Documents/Unreal Projects/CrystalExplorer/Content/StarterContent/Shapes/Shape_Sphere.ubulk" 604
"C:/Users/Work/Documents/Unreal Projects/CrystalExplorer/Content/StarterContent/Shapes/Shape_Sphere.uasset" 605
"C:/Users/Work/Documents/Unreal Projects/CrystalExplorer/Content/StarterContent/Shapes/Shape_Sphere.uexp" 606
"../../../Engine/Content/EditorBlueprintResources/StandardMacros.uasset" 607
"../../../Engine/Content/EditorBlueprintResources/StandardMacros.uexp" 608
"C:/Users/Work/Documents/Unreal Projects/CrystalExplorer/Content/BluePrints/Actors/Pawns/BP_PlayerPawn.uasset" 609
"C:/Users/Work/Documents/Unreal Projects/CrystalExplorer/Content/BluePrints/Actors/Pawns/BP_PlayerPawn.uexp" 610
"C:/Users/Work/Documents/Unreal Projects/CrystalExplorer/Content/BluePrints/Actors/Game_Mode/BP_GameMode.uasset" 611
"C:/Users/Work/Documents/Unreal Projects/CrystalExplorer/Content/BluePrints/Actors/Game_Mode/BP_GameMode.uexp" 612
"C:/Users/Work/Documents/Unreal Projects/CrystalExplorer/Content/StarterContent/Materials/M_Metal_Chrome.uasset" 613
"C:/Users/Work/Documents/Unreal Projects/CrystalExplorer/Content/StarterContent/Materials/M_Metal_Chrome.uexp" 614
"C:/Users/Work/Documents/Unreal Projects/CrystalExplorer/Content/Meshes/Cannon/Cannon.ubulk" 615
"C:/Users/Work/Documents/Unreal Projects/CrystalExplorer/Content/Meshes/Cannon/Cannon.uasset" 616
"C:/Users/Work/Documents/Unreal Projects/CrystalExplorer/Content/Meshes/Cannon/Cannon.uexp" 617
"C:/Users/Work/Documents/Unreal Projects/CrystalExplorer/Content/StarterContent/Textures/T_Metal_Aluminum_D.ubulk" 618
"C:/Users/Work/Documents/Unreal Projects/CrystalExplorer/Content/StarterContent/Textures/T_Metal_Aluminum_D.uasset" 619
"C:/Users/Work/Documents/Unreal Projects/CrystalExplorer/Content/StarterContent/Textures/T_Metal_Aluminum_D.uexp" 620
"C:/Users/Work/Documents/Unreal Projects/CrystalExplorer/Content/StarterContent/Materials/M_Metal_Burnished_Steel.uasset" 621
"C:/Users/Work/Documents/Unreal Projects/CrystalExplorer/Content/StarterContent/Materials/M_Metal_Burnished_Steel.uexp" 622
"C:/Users/Work/Documents/Unreal Projects/CrystalExplorer/Content/Meshes/Cannon/Cannon_Base.ubulk" 623
"C:/Users/Work/Documents/Unreal Projects/CrystalExplorer/Content/Meshes/Cannon/Cannon_Base.uasset" 624
"C:/Users/Work/Documents/Unreal Projects/CrystalExplorer/Content/Meshes/Cannon/Cannon_Base.uexp" 625
"C:/Users/Work/Documents/Unreal Projects/CrystalExplorer/Content/BluePrints/Actors/Projectiles/BP_Projectiles.uasset" 626
"C:/Users/Work/Documents/Unreal Projects/CrystalExplorer/Content/BluePrints/Actors/Projectiles/BP_Projectiles.uexp" 627
"C:/Users/Work/Documents/Unreal Projects/CrystalExplorer/Content/BluePrints/Actors/Cannon/BP_Cannon.uasset" 628
"C:/Users/Work/Documents/Unreal Projects/CrystalExplorer/Content/BluePrints/Actors/Cannon/BP_Cannon.uexp" 629
"C:/Users/Work/Documents/Unreal Projects/CrystalExplorer/Content/StarterContent/Textures/T_Wood_Floor_Walnut_M.ubulk" 630
"C:/Users/Work/Documents/Unreal Projects/CrystalExplorer/Content/StarterContent/Textures/T_Wood_Floor_Walnut_M.uasset" 631
"C:/Users/Work/Documents/Unreal Projects/CrystalExplorer/Content/StarterContent/Textures/T_Wood_Floor_Walnut_M.uexp" 632
"C:/Users/Work/Documents/Unreal Projects/CrystalExplorer/Content/StarterContent/Textures/T_Wood_Floor_Walnut_D.ubulk" 633
"C:/Users/Work/Documents/Unreal Projects/CrystalExplorer/Content/StarterContent/Textures/T_Wood_Floor_Walnut_D.uasset" 634
"C:/Users/Work/Documents/Unreal Projects/CrystalExplorer/Content/StarterContent/Textures/T_Wood_Floor_Walnut_D.uexp" 635
"C:/Users/Work/Documents/Unreal Projects/CrystalExplorer/Content/StarterContent/Textures/T_Wood_Floor_Walnut_N.ubulk" 636
"C:/Users/Work/Documents/Unreal Projects/CrystalExplorer/Content/StarterContent/Textures/T_Wood_Floor_Walnut_N.uasset" 637
"C:/Users/Work/Documents/Unreal Projects/CrystalExplorer/Content/StarterContent/Textures/T_Wood_Floor_Walnut_N.uexp" 638
"C:/Users/Work/Documents/Unreal Projects/CrystalExplorer/Content/StarterContent/Materials/M_Wood_Floor_Walnut_Polished.uasset" 639
"C:/Users/Work/Documents/Unreal Projects/CrystalExplorer/Content/StarterContent/Materials/M_Wood_Floor_Walnut_Polished.uexp" 640
"C:/Users/Work/Documents/Unreal Projects/CrystalExplorer/Content/BluePrints/Actors/Volumes/BP_DamageVolume.uasset" 641
"C:/Users/Work/Documents/Unreal Projects/CrystalExplorer/Content/BluePrints/Actors/Volumes/BP_DamageVolume.uexp" 642
"C:/Users/Work/Documents/Unreal Projects/CrystalExplorer/Content/StaticMeshConversions/Cylinder_Brush_StaticMesh.ubulk" 643
"C:/Users/Work/Documents/Unreal Projects/CrystalExplorer/Content/StaticMeshConversions/Cylinder_Brush_StaticMesh.uasset" 644
"C:/Users/Work/Documents/Unreal Projects/CrystalExplorer/Content/StaticMeshConversions/Cylinder_Brush_StaticMesh.uexp" 645
"C:/Users/Work/Documents/Unreal Projects/CrystalExplorer/Content/BluePrints/Actors/MacroLibararies/CC_MacroLibarary.uasset" 646
"C:/Users/Work/Documents/Unreal Projects/CrystalExplorer/Content/BluePrints/Actors/MacroLibararies/CC_MacroLibarary.uexp" 647
"C:/Users/Work/Documents/Unreal Projects/CrystalExplorer/Content/Materials/M_Crystal.uasset" 648
"C:/Users/Work/Documents/Unreal Projects/CrystalExplorer/Content/Materials/M_Crystal.uexp" 649
"C:/Users/Work/Documents/Unreal Projects/CrystalExplorer/Content/StarterContent/Shapes/Shape_QuadPyramid.ubulk" 650
"C:/Users/Work/Documents/Unreal Projects/CrystalExplorer/Content/StarterContent/Shapes/Shape_QuadPyramid.uasset" 651
"C:/Users/Work/Documents/Unreal Projects/CrystalExplorer/Content/StarterContent/Shapes/Shape_QuadPyramid.uexp" 652
"C:/Users/Work/Documents/Unreal Projects/CrystalExplorer/Content/BluePrints/Actors/Collectables/BP_Crystal.uasset" 653
"C:/Users/Work/Documents/Unreal Projects/CrystalExplorer/Content/BluePrints/Actors/Collectables/BP_Crystal.uexp" 654
"C:/Users/Work/Documents/Unreal Projects/CrystalExplorer/Content/BluePrints/Actors/Volumes/BP_WinVolume.uasset" 655
"C:/Users/Work/Documents/Unreal Projects/CrystalExplorer/Content/BluePrints/Actors/Volumes/BP_WinVolume.uexp" 656
"C:/Users/Work/Documents/Unreal Projects/CrystalExplorer/Content/Levels/Level2.uexp" 657
"C:/Users/Work/Documents/Unreal Projects/CrystalExplorer/Content/Levels/Level2.umap" 658
"C:/Users/Work/Documents/Unreal Projects/CrystalExplorer/Content/StarterContent/Textures/T_Rock_Marble_Polished_D.ubulk" 659
"C:/Users/Work/Documents/Unreal Projects/CrystalExplorer/Content/StarterContent/Textures/T_Rock_Marble_Polished_D.uasset" 660
"C:/Users/Work/Documents/Unreal Projects/CrystalExplorer/Content/StarterContent/Textures/T_Rock_Marble_Polished_D.uexp" 661
"C:/Users/Work/Documents/Unreal Projects/CrystalExplorer/Content/StarterContent/Materials/M_Rock_Marble_Polished.uasset" 662
"C:/Users/Work/Documents/Unreal Projects/CrystalExplorer/Content/StarterContent/Materials/M_Rock_Marble_Polished.uexp" 663
"C:/Users/Work/Documents/Unreal Projects/CrystalExplorer/Content/StarterContent/HDRI/HDRI_Epic_Courtyard_Daylight.uasset" 664
"C:/Users/Work/Documents/Unreal Projects/CrystalExplorer/Content/StarterContent/HDRI/HDRI_Epic_Courtyard_Daylight.uexp" 665
"C:/Users/Work/Documents/Unreal Projects/CrystalExplorer/Content/Levels/Level1.uexp" 666
"C:/Users/Work/Documents/Unreal Projects/CrystalExplorer/Content/Levels/Level1.umap" 667
